{"/Users/bilal/clawd/dev/clipflow/src/lib/logger.ts": {"path":"/Users/bilal/clawd/dev/clipflow/src/lib/logger.ts","statementMap":{"0":{"start":{"line":15,"column":16},"end":{"line":15,"column":null}},"1":{"start":{"line":16,"column":17},"end":{"line":16,"column":null}},"2":{"start":{"line":19,"column":22},"end":{"line":26,"column":null}},"3":{"start":{"line":20,"column":2},"end":{"line":25,"column":null}},"4":{"start":{"line":22,"column":4},"end":{"line":22,"column":null}},"5":{"start":{"line":24,"column":4},"end":{"line":24,"column":null}},"6":{"start":{"line":29,"column":26},"end":{"line":36,"column":null}},"7":{"start":{"line":39,"column":2},"end":{"line":39,"column":null}},"8":{"start":{"line":42,"column":2},"end":{"line":42,"column":null}},"9":{"start":{"line":46,"column":2},"end":{"line":56,"column":null}},"10":{"start":{"line":47,"column":17},"end":{"line":47,"column":null}},"11":{"start":{"line":48,"column":4},"end":{"line":48,"column":null}},"12":{"start":{"line":49,"column":4},"end":{"line":51,"column":null}},"13":{"start":{"line":50,"column":6},"end":{"line":50,"column":null}},"14":{"start":{"line":52,"column":4},"end":{"line":52,"column":null}},"15":{"start":{"line":55,"column":4},"end":{"line":55,"column":null}},"16":{"start":{"line":60,"column":2},"end":{"line":65,"column":null}},"17":{"start":{"line":61,"column":19},"end":{"line":61,"column":null}},"18":{"start":{"line":62,"column":4},"end":{"line":62,"column":null}},"19":{"start":{"line":64,"column":4},"end":{"line":64,"column":null}},"20":{"start":{"line":69,"column":2},"end":{"line":69,"column":null}},"21":{"start":{"line":69,"column":35},"end":{"line":69,"column":56}},"22":{"start":{"line":73,"column":2},"end":{"line":73,"column":null}},"23":{"start":{"line":73,"column":35},"end":{"line":73,"column":58}},"24":{"start":{"line":77,"column":2},"end":{"line":77,"column":null}},"25":{"start":{"line":81,"column":2},"end":{"line":81,"column":null}},"26":{"start":{"line":86,"column":45},"end":{"line":86,"column":null}},"27":{"start":{"line":87,"column":24},"end":{"line":87,"column":null}},"28":{"start":{"line":89,"column":2},"end":{"line":96,"column":null}},"29":{"start":{"line":90,"column":24},"end":{"line":90,"column":null}},"30":{"start":{"line":90,"column":49},"end":{"line":90,"column":79}},"31":{"start":{"line":91,"column":4},"end":{"line":95,"column":null}},"32":{"start":{"line":92,"column":6},"end":{"line":92,"column":null}},"33":{"start":{"line":94,"column":6},"end":{"line":94,"column":null}},"34":{"start":{"line":98,"column":2},"end":{"line":98,"column":null}},"35":{"start":{"line":102,"column":20},"end":{"line":102,"column":null}},"36":{"start":{"line":102,"column":72},"end":{"line":102,"column":null}},"37":{"start":{"line":103,"column":20},"end":{"line":103,"column":null}},"38":{"start":{"line":103,"column":72},"end":{"line":103,"column":null}},"39":{"start":{"line":104,"column":24},"end":{"line":104,"column":null}},"40":{"start":{"line":104,"column":76},"end":{"line":104,"column":null}},"41":{"start":{"line":105,"column":21},"end":{"line":105,"column":null}},"42":{"start":{"line":105,"column":73},"end":{"line":105,"column":null}},"43":{"start":{"line":108,"column":21},"end":{"line":108,"column":null}},"44":{"start":{"line":111,"column":25},"end":{"line":115,"column":null}},"45":{"start":{"line":112,"column":29},"end":{"line":112,"column":null}},"46":{"start":{"line":113,"column":49},"end":{"line":113,"column":null}},"47":{"start":{"line":114,"column":46},"end":{"line":114,"column":null}},"48":{"start":{"line":117,"column":25},"end":{"line":122,"column":null}},"49":{"start":{"line":118,"column":48},"end":{"line":118,"column":null}},"50":{"start":{"line":119,"column":33},"end":{"line":119,"column":null}},"51":{"start":{"line":120,"column":49},"end":{"line":120,"column":null}},"52":{"start":{"line":121,"column":32},"end":{"line":121,"column":null}},"53":{"start":{"line":124,"column":25},"end":{"line":128,"column":null}},"54":{"start":{"line":125,"column":32},"end":{"line":125,"column":null}},"55":{"start":{"line":126,"column":35},"end":{"line":126,"column":null}},"56":{"start":{"line":127,"column":48},"end":{"line":127,"column":null}},"57":{"start":{"line":130,"column":24},"end":{"line":133,"column":null}},"58":{"start":{"line":131,"column":28},"end":{"line":131,"column":null}},"59":{"start":{"line":132,"column":34},"end":{"line":132,"column":null}}},"fnMap":{"0":{"name":"(anonymous_0)","decl":{"start":{"line":19,"column":22},"end":{"line":19,"column":36}},"loc":{"start":{"line":19,"column":36},"end":{"line":26,"column":null}},"line":19},"1":{"name":"log","decl":{"start":{"line":28,"column":16},"end":{"line":28,"column":20}},"loc":{"start":{"line":28,"column":95},"end":{"line":43,"column":null}},"line":28},"2":{"name":"storeLog","decl":{"start":{"line":45,"column":9},"end":{"line":45,"column":18}},"loc":{"start":{"line":45,"column":41},"end":{"line":57,"column":null}},"line":45},"3":{"name":"getLogs","decl":{"start":{"line":59,"column":16},"end":{"line":59,"column":38}},"loc":{"start":{"line":59,"column":38},"end":{"line":66,"column":null}},"line":59},"4":{"name":"getLogsByLevel","decl":{"start":{"line":68,"column":16},"end":{"line":68,"column":31}},"loc":{"start":{"line":68,"column":60},"end":{"line":70,"column":null}},"line":68},"5":{"name":"(anonymous_5)","decl":{"start":{"line":69,"column":26},"end":{"line":69,"column":35}},"loc":{"start":{"line":69,"column":35},"end":{"line":69,"column":56}},"line":69},"6":{"name":"getLogsByAction","decl":{"start":{"line":72,"column":16},"end":{"line":72,"column":32}},"loc":{"start":{"line":72,"column":60},"end":{"line":74,"column":null}},"line":72},"7":{"name":"(anonymous_7)","decl":{"start":{"line":73,"column":26},"end":{"line":73,"column":35}},"loc":{"start":{"line":73,"column":35},"end":{"line":73,"column":58}},"line":73},"8":{"name":"exportLogs","decl":{"start":{"line":76,"column":16},"end":{"line":76,"column":37}},"loc":{"start":{"line":76,"column":37},"end":{"line":78,"column":null}},"line":76},"9":{"name":"clearLogs","decl":{"start":{"line":80,"column":16},"end":{"line":80,"column":34}},"loc":{"start":{"line":80,"column":34},"end":{"line":82,"column":null}},"line":80},"10":{"name":"sanitizeData","decl":{"start":{"line":85,"column":9},"end":{"line":85,"column":22}},"loc":{"start":{"line":85,"column":78},"end":{"line":99,"column":null}},"line":85},"11":{"name":"(anonymous_11)","decl":{"start":{"line":90,"column":43},"end":{"line":90,"column":49}},"loc":{"start":{"line":90,"column":49},"end":{"line":90,"column":79}},"line":90},"12":{"name":"(anonymous_12)","decl":{"start":{"line":102,"column":20},"end":{"line":102,"column":21}},"loc":{"start":{"line":102,"column":72},"end":{"line":102,"column":null}},"line":102},"13":{"name":"(anonymous_13)","decl":{"start":{"line":103,"column":20},"end":{"line":103,"column":21}},"loc":{"start":{"line":103,"column":72},"end":{"line":103,"column":null}},"line":103},"14":{"name":"(anonymous_14)","decl":{"start":{"line":104,"column":24},"end":{"line":104,"column":25}},"loc":{"start":{"line":104,"column":76},"end":{"line":104,"column":null}},"line":104},"15":{"name":"(anonymous_15)","decl":{"start":{"line":105,"column":21},"end":{"line":105,"column":22}},"loc":{"start":{"line":105,"column":73},"end":{"line":105,"column":null}},"line":105},"16":{"name":"(anonymous_16)","decl":{"start":{"line":112,"column":11},"end":{"line":112,"column":12}},"loc":{"start":{"line":112,"column":29},"end":{"line":112,"column":null}},"line":112},"17":{"name":"(anonymous_17)","decl":{"start":{"line":113,"column":13},"end":{"line":113,"column":14}},"loc":{"start":{"line":113,"column":49},"end":{"line":113,"column":null}},"line":113},"18":{"name":"(anonymous_18)","decl":{"start":{"line":114,"column":10},"end":{"line":114,"column":11}},"loc":{"start":{"line":114,"column":46},"end":{"line":114,"column":null}},"line":114},"19":{"name":"(anonymous_19)","decl":{"start":{"line":118,"column":11},"end":{"line":118,"column":12}},"loc":{"start":{"line":118,"column":48},"end":{"line":118,"column":null}},"line":118},"20":{"name":"(anonymous_20)","decl":{"start":{"line":119,"column":12},"end":{"line":119,"column":13}},"loc":{"start":{"line":119,"column":33},"end":{"line":119,"column":null}},"line":119},"21":{"name":"(anonymous_21)","decl":{"start":{"line":120,"column":13},"end":{"line":120,"column":14}},"loc":{"start":{"line":120,"column":49},"end":{"line":120,"column":null}},"line":120},"22":{"name":"(anonymous_22)","decl":{"start":{"line":121,"column":10},"end":{"line":121,"column":11}},"loc":{"start":{"line":121,"column":32},"end":{"line":121,"column":null}},"line":121},"23":{"name":"(anonymous_23)","decl":{"start":{"line":125,"column":11},"end":{"line":125,"column":12}},"loc":{"start":{"line":125,"column":32},"end":{"line":125,"column":null}},"line":125},"24":{"name":"(anonymous_24)","decl":{"start":{"line":126,"column":13},"end":{"line":126,"column":14}},"loc":{"start":{"line":126,"column":35},"end":{"line":126,"column":null}},"line":126},"25":{"name":"(anonymous_25)","decl":{"start":{"line":127,"column":9},"end":{"line":127,"column":10}},"loc":{"start":{"line":127,"column":48},"end":{"line":127,"column":null}},"line":127},"26":{"name":"(anonymous_26)","decl":{"start":{"line":131,"column":9},"end":{"line":131,"column":10}},"loc":{"start":{"line":131,"column":28},"end":{"line":131,"column":null}},"line":131},"27":{"name":"(anonymous_27)","decl":{"start":{"line":132,"column":12},"end":{"line":132,"column":13}},"loc":{"start":{"line":132,"column":34},"end":{"line":132,"column":null}},"line":132}},"branchMap":{"0":{"loc":{"start":{"line":22,"column":11},"end":{"line":22,"column":null}},"type":"cond-expr","locations":[{"start":{"line":22,"column":48},"end":{"line":22,"column":62}},{"start":{"line":22,"column":62},"end":{"line":22,"column":null}}],"line":22},"1":{"loc":{"start":{"line":28,"column":53},"end":{"line":28,"column":95}},"type":"default-arg","locations":[{"start":{"line":28,"column":85},"end":{"line":28,"column":95}}],"line":28},"2":{"loc":{"start":{"line":35,"column":14},"end":{"line":35,"column":null}},"type":"cond-expr","locations":[{"start":{"line":35,"column":49},"end":{"line":35,"column":70}},{"start":{"line":35,"column":70},"end":{"line":35,"column":null}}],"line":35},"3":{"loc":{"start":{"line":49,"column":4},"end":{"line":51,"column":null}},"type":"if","locations":[{"start":{"line":49,"column":4},"end":{"line":51,"column":null}},{"start":{},"end":{}}],"line":49},"4":{"loc":{"start":{"line":62,"column":11},"end":{"line":62,"column":null}},"type":"cond-expr","locations":[{"start":{"line":62,"column":20},"end":{"line":62,"column":41}},{"start":{"line":62,"column":41},"end":{"line":62,"column":null}}],"line":62},"5":{"loc":{"start":{"line":91,"column":4},"end":{"line":95,"column":null}},"type":"if","locations":[{"start":{"line":91,"column":4},"end":{"line":95,"column":null}},{"start":{"line":93,"column":11},"end":{"line":95,"column":null}}],"line":91}},"s":{"0":1,"1":1,"2":1,"3":1,"4":1,"5":0,"6":1,"7":1,"8":1,"9":1,"10":1,"11":1,"12":1,"13":0,"14":1,"15":0,"16":1,"17":1,"18":1,"19":0,"20":0,"21":0,"22":0,"23":0,"24":0,"25":0,"26":1,"27":1,"28":1,"29":2,"30":10,"31":2,"32":0,"33":2,"34":1,"35":1,"36":0,"37":1,"38":0,"39":1,"40":1,"41":1,"42":0,"43":1,"44":1,"45":0,"46":0,"47":0,"48":1,"49":0,"50":0,"51":0,"52":0,"53":1,"54":0,"55":0,"56":0,"57":1,"58":0,"59":0},"f":{"0":1,"1":1,"2":1,"3":1,"4":0,"5":0,"6":0,"7":0,"8":0,"9":0,"10":1,"11":10,"12":0,"13":0,"14":1,"15":0,"16":0,"17":0,"18":0,"19":0,"20":0,"21":0,"22":0,"23":0,"24":0,"25":0,"26":0,"27":0},"b":{"0":[0,1],"1":[1],"2":[1,0],"3":[0,1],"4":[0,1],"5":[0,2]},"meta":{"lastBranch":6,"lastFunction":28,"lastStatement":60,"seen":{"s:15:16:15:Infinity":0,"s:16:17:16:Infinity":1,"s:19:22:26:Infinity":2,"f:19:22:19:36":0,"s:20:2:25:Infinity":3,"s:22:4:22:Infinity":4,"b:22:48:22:62:22:62:22:Infinity":0,"s:24:4:24:Infinity":5,"f:28:16:28:20":1,"b:28:85:28:95":1,"s:29:26:36:Infinity":6,"b:35:49:35:70:35:70:35:Infinity":2,"s:39:2:39:Infinity":7,"s:42:2:42:Infinity":8,"f:45:9:45:18":2,"s:46:2:56:Infinity":9,"s:47:17:47:Infinity":10,"s:48:4:48:Infinity":11,"b:49:4:51:Infinity:undefined:undefined:undefined:undefined":3,"s:49:4:51:Infinity":12,"s:50:6:50:Infinity":13,"s:52:4:52:Infinity":14,"s:55:4:55:Infinity":15,"f:59:16:59:38":3,"s:60:2:65:Infinity":16,"s:61:19:61:Infinity":17,"s:62:4:62:Infinity":18,"b:62:20:62:41:62:41:62:Infinity":4,"s:64:4:64:Infinity":19,"f:68:16:68:31":4,"s:69:2:69:Infinity":20,"f:69:26:69:35":5,"s:69:35:69:56":21,"f:72:16:72:32":6,"s:73:2:73:Infinity":22,"f:73:26:73:35":7,"s:73:35:73:58":23,"f:76:16:76:37":8,"s:77:2:77:Infinity":24,"f:80:16:80:34":9,"s:81:2:81:Infinity":25,"f:85:9:85:22":10,"s:86:45:86:Infinity":26,"s:87:24:87:Infinity":27,"s:89:2:96:Infinity":28,"s:90:24:90:Infinity":29,"f:90:43:90:49":11,"s:90:49:90:79":30,"b:91:4:95:Infinity:93:11:95:Infinity":5,"s:91:4:95:Infinity":31,"s:92:6:92:Infinity":32,"s:94:6:94:Infinity":33,"s:98:2:98:Infinity":34,"s:102:20:102:Infinity":35,"f:102:20:102:21":12,"s:102:72:102:Infinity":36,"s:103:20:103:Infinity":37,"f:103:20:103:21":13,"s:103:72:103:Infinity":38,"s:104:24:104:Infinity":39,"f:104:24:104:25":14,"s:104:76:104:Infinity":40,"s:105:21:105:Infinity":41,"f:105:21:105:22":15,"s:105:73:105:Infinity":42,"s:108:21:108:Infinity":43,"s:111:25:115:Infinity":44,"f:112:11:112:12":16,"s:112:29:112:Infinity":45,"f:113:13:113:14":17,"s:113:49:113:Infinity":46,"f:114:10:114:11":18,"s:114:46:114:Infinity":47,"s:117:25:122:Infinity":48,"f:118:11:118:12":19,"s:118:48:118:Infinity":49,"f:119:12:119:13":20,"s:119:33:119:Infinity":50,"f:120:13:120:14":21,"s:120:49:120:Infinity":51,"f:121:10:121:11":22,"s:121:32:121:Infinity":52,"s:124:25:128:Infinity":53,"f:125:11:125:12":23,"s:125:32:125:Infinity":54,"f:126:13:126:14":24,"s:126:35:126:Infinity":55,"f:127:9:127:10":25,"s:127:48:127:Infinity":56,"s:130:24:133:Infinity":57,"f:131:9:131:10":26,"s:131:28:131:Infinity":58,"f:132:12:132:13":27,"s:132:34:132:Infinity":59}}}
,"/Users/bilal/clawd/dev/clipflow/src/lib/video.ts": {"path":"/Users/bilal/clawd/dev/clipflow/src/lib/video.ts","statementMap":{"0":{"start":{"line":16,"column":2},"end":{"line":22,"column":null}},"1":{"start":{"line":17,"column":21},"end":{"line":17,"column":null}},"2":{"start":{"line":18,"column":4},"end":{"line":18,"column":null}},"3":{"start":{"line":20,"column":4},"end":{"line":20,"column":null}},"4":{"start":{"line":21,"column":4},"end":{"line":21,"column":null}},"5":{"start":{"line":31,"column":2},"end":{"line":42,"column":null}},"6":{"start":{"line":32,"column":19},"end":{"line":37,"column":null}},"7":{"start":{"line":38,"column":4},"end":{"line":38,"column":null}},"8":{"start":{"line":40,"column":4},"end":{"line":40,"column":null}},"9":{"start":{"line":41,"column":4},"end":{"line":41,"column":null}},"10":{"start":{"line":49,"column":2},"end":{"line":59,"column":null}},"11":{"start":{"line":50,"column":19},"end":{"line":54,"column":null}},"12":{"start":{"line":55,"column":4},"end":{"line":55,"column":null}},"13":{"start":{"line":57,"column":4},"end":{"line":57,"column":null}},"14":{"start":{"line":58,"column":4},"end":{"line":58,"column":null}},"15":{"start":{"line":66,"column":2},"end":{"line":75,"column":null}},"16":{"start":{"line":67,"column":21},"end":{"line":70,"column":null}},"17":{"start":{"line":71,"column":4},"end":{"line":71,"column":null}},"18":{"start":{"line":73,"column":4},"end":{"line":73,"column":null}},"19":{"start":{"line":74,"column":4},"end":{"line":74,"column":null}},"20":{"start":{"line":83,"column":2},"end":{"line":96,"column":null}},"21":{"start":{"line":84,"column":4},"end":{"line":84,"column":null}},"22":{"start":{"line":85,"column":22},"end":{"line":85,"column":null}},"23":{"start":{"line":86,"column":19},"end":{"line":90,"column":null}},"24":{"start":{"line":91,"column":4},"end":{"line":91,"column":null}},"25":{"start":{"line":92,"column":4},"end":{"line":92,"column":null}},"26":{"start":{"line":94,"column":4},"end":{"line":94,"column":null}},"27":{"start":{"line":95,"column":4},"end":{"line":95,"column":null}},"28":{"start":{"line":126,"column":2},"end":{"line":135,"column":null}},"29":{"start":{"line":127,"column":19},"end":{"line":130,"column":null}},"30":{"start":{"line":131,"column":4},"end":{"line":131,"column":null}},"31":{"start":{"line":133,"column":4},"end":{"line":133,"column":null}},"32":{"start":{"line":134,"column":4},"end":{"line":134,"column":null}},"33":{"start":{"line":139,"column":2},"end":{"line":145,"column":null}},"34":{"start":{"line":140,"column":19},"end":{"line":140,"column":null}},"35":{"start":{"line":141,"column":4},"end":{"line":141,"column":null}},"36":{"start":{"line":143,"column":4},"end":{"line":143,"column":null}},"37":{"start":{"line":144,"column":4},"end":{"line":144,"column":null}},"38":{"start":{"line":150,"column":15},"end":{"line":150,"column":null}},"39":{"start":{"line":151,"column":15},"end":{"line":151,"column":null}},"40":{"start":{"line":152,"column":13},"end":{"line":152,"column":null}},"41":{"start":{"line":153,"column":2},"end":{"line":153,"column":null}}},"fnMap":{"0":{"name":"getVideoDuration","decl":{"start":{"line":15,"column":22},"end":{"line":15,"column":39}},"loc":{"start":{"line":15,"column":74},"end":{"line":23,"column":null}},"line":15},"1":{"name":"trimVideo","decl":{"start":{"line":25,"column":22},"end":{"line":25,"column":null}},"loc":{"start":{"line":30,"column":20},"end":{"line":43,"column":null}},"line":30},"2":{"name":"extractAudio","decl":{"start":{"line":45,"column":22},"end":{"line":45,"column":null}},"loc":{"start":{"line":48,"column":20},"end":{"line":60,"column":null}},"line":48},"3":{"name":"analyzeSilence","decl":{"start":{"line":62,"column":22},"end":{"line":62,"column":null}},"loc":{"start":{"line":65,"column":29},"end":{"line":76,"column":null}},"line":65},"4":{"name":"exportVideo","decl":{"start":{"line":78,"column":22},"end":{"line":78,"column":null}},"loc":{"start":{"line":82,"column":20},"end":{"line":97,"column":null}},"line":82},"5":{"name":"transcribeAudio","decl":{"start":{"line":122,"column":22},"end":{"line":122,"column":null}},"loc":{"start":{"line":125,"column":32},"end":{"line":136,"column":null}},"line":125},"6":{"name":"getAvailableWhisperModels","decl":{"start":{"line":138,"column":22},"end":{"line":138,"column":75}},"loc":{"start":{"line":138,"column":75},"end":{"line":146,"column":null}},"line":138},"7":{"name":"formatTime","decl":{"start":{"line":149,"column":16},"end":{"line":149,"column":27}},"loc":{"start":{"line":149,"column":52},"end":{"line":154,"column":null}},"line":149}},"branchMap":{"0":{"loc":{"start":{"line":64,"column":2},"end":{"line":64,"column":null}},"type":"default-arg","locations":[{"start":{"line":64,"column":24},"end":{"line":64,"column":null}}],"line":64},"1":{"loc":{"start":{"line":81,"column":2},"end":{"line":81,"column":null}},"type":"default-arg","locations":[{"start":{"line":81,"column":39},"end":{"line":81,"column":null}}],"line":81},"2":{"loc":{"start":{"line":124,"column":2},"end":{"line":124,"column":null}},"type":"default-arg","locations":[{"start":{"line":124,"column":18},"end":{"line":124,"column":null}}],"line":124}},"s":{"0":2,"1":2,"2":1,"3":1,"4":1,"5":1,"6":1,"7":1,"8":0,"9":0,"10":0,"11":0,"12":0,"13":0,"14":0,"15":1,"16":1,"17":1,"18":0,"19":0,"20":0,"21":0,"22":0,"23":0,"24":0,"25":0,"26":0,"27":0,"28":0,"29":0,"30":0,"31":0,"32":0,"33":0,"34":0,"35":0,"36":0,"37":0,"38":0,"39":0,"40":0,"41":0},"f":{"0":2,"1":1,"2":0,"3":1,"4":0,"5":0,"6":0,"7":0},"b":{"0":[1],"1":[0],"2":[0]},"meta":{"lastBranch":3,"lastFunction":8,"lastStatement":42,"seen":{"f:15:22:15:39":0,"s:16:2:22:Infinity":0,"s:17:21:17:Infinity":1,"s:18:4:18:Infinity":2,"s:20:4:20:Infinity":3,"s:21:4:21:Infinity":4,"f:25:22:25:Infinity":1,"s:31:2:42:Infinity":5,"s:32:19:37:Infinity":6,"s:38:4:38:Infinity":7,"s:40:4:40:Infinity":8,"s:41:4:41:Infinity":9,"f:45:22:45:Infinity":2,"s:49:2:59:Infinity":10,"s:50:19:54:Infinity":11,"s:55:4:55:Infinity":12,"s:57:4:57:Infinity":13,"s:58:4:58:Infinity":14,"f:62:22:62:Infinity":3,"b:64:24:64:Infinity":0,"s:66:2:75:Infinity":15,"s:67:21:70:Infinity":16,"s:71:4:71:Infinity":17,"s:73:4:73:Infinity":18,"s:74:4:74:Infinity":19,"f:78:22:78:Infinity":4,"b:81:39:81:Infinity":1,"s:83:2:96:Infinity":20,"s:84:4:84:Infinity":21,"s:85:22:85:Infinity":22,"s:86:19:90:Infinity":23,"s:91:4:91:Infinity":24,"s:92:4:92:Infinity":25,"s:94:4:94:Infinity":26,"s:95:4:95:Infinity":27,"f:122:22:122:Infinity":5,"b:124:18:124:Infinity":2,"s:126:2:135:Infinity":28,"s:127:19:130:Infinity":29,"s:131:4:131:Infinity":30,"s:133:4:133:Infinity":31,"s:134:4:134:Infinity":32,"f:138:22:138:75":6,"s:139:2:145:Infinity":33,"s:140:19:140:Infinity":34,"s:141:4:141:Infinity":35,"s:143:4:143:Infinity":36,"s:144:4:144:Infinity":37,"f:149:16:149:27":7,"s:150:15:150:Infinity":38,"s:151:15:151:Infinity":39,"s:152:13:152:Infinity":40,"s:153:2:153:Infinity":41}}}
}
